Determining if the pthread_create exist failed with the following output:
Change Dir: /home/aladdin/Desktop/Projects/SOME_IP_Example/Training_examples-e/Example_request_response/Server/build/CMakeFiles/CMakeTmp

Run Build Command:"/usr/bin/make" "cmTC_9b0ea/fast"
/usr/bin/make -f CMakeFiles/cmTC_9b0ea.dir/build.make CMakeFiles/cmTC_9b0ea.dir/build
make[1]: Entering directory '/home/aladdin/Desktop/Projects/SOME_IP_Example/Training_examples-e/Example_request_response/Server/build/CMakeFiles/CMakeTmp'
Building C object CMakeFiles/cmTC_9b0ea.dir/CheckSymbolExists.c.o
/usr/bin/cc     -o CMakeFiles/cmTC_9b0ea.dir/CheckSymbolExists.c.o   -c /home/aladdin/Desktop/Projects/SOME_IP_Example/Training_examples-e/Example_request_response/Server/build/CMakeFiles/CMakeTmp/CheckSymbolExists.c
Linking C executable cmTC_9b0ea
/usr/bin/cmake -E cmake_link_script CMakeFiles/cmTC_9b0ea.dir/link.txt --verbose=1
/usr/bin/cc       CMakeFiles/cmTC_9b0ea.dir/CheckSymbolExists.c.o  -o cmTC_9b0ea -rdynamic 
CMakeFiles/cmTC_9b0ea.dir/CheckSymbolExists.c.o: In function `main':
CheckSymbolExists.c:(.text+0x16): undefined reference to `pthread_create'
collect2: error: ld returned 1 exit status
CMakeFiles/cmTC_9b0ea.dir/build.make:97: recipe for target 'cmTC_9b0ea' failed
make[1]: *** [cmTC_9b0ea] Error 1
make[1]: Leaving directory '/home/aladdin/Desktop/Projects/SOME_IP_Example/Training_examples-e/Example_request_response/Server/build/CMakeFiles/CMakeTmp'
Makefile:126: recipe for target 'cmTC_9b0ea/fast' failed
make: *** [cmTC_9b0ea/fast] Error 2

File /home/aladdin/Desktop/Projects/SOME_IP_Example/Training_examples-e/Example_request_response/Server/build/CMakeFiles/CMakeTmp/CheckSymbolExists.c:
/* */
#include <pthread.h>

int main(int argc, char** argv)
{
  (void)argv;
#ifndef pthread_create
  return ((int*)(&pthread_create))[argc];
#else
  (void)argc;
  return 0;
#endif
}

Determining if the function pthread_create exists in the pthreads failed with the following output:
Change Dir: /home/aladdin/Desktop/Projects/SOME_IP_Example/Training_examples-e/Example_request_response/Server/build/CMakeFiles/CMakeTmp

Run Build Command:"/usr/bin/make" "cmTC_87a4c/fast"
/usr/bin/make -f CMakeFiles/cmTC_87a4c.dir/build.make CMakeFiles/cmTC_87a4c.dir/build
make[1]: Entering directory '/home/aladdin/Desktop/Projects/SOME_IP_Example/Training_examples-e/Example_request_response/Server/build/CMakeFiles/CMakeTmp'
Building C object CMakeFiles/cmTC_87a4c.dir/CheckFunctionExists.c.o
/usr/bin/cc    -DCHECK_FUNCTION_EXISTS=pthread_create   -o CMakeFiles/cmTC_87a4c.dir/CheckFunctionExists.c.o   -c /usr/share/cmake-3.5/Modules/CheckFunctionExists.c
Linking C executable cmTC_87a4c
/usr/bin/cmake -E cmake_link_script CMakeFiles/cmTC_87a4c.dir/link.txt --verbose=1
/usr/bin/cc   -DCHECK_FUNCTION_EXISTS=pthread_create    CMakeFiles/cmTC_87a4c.dir/CheckFunctionExists.c.o  -o cmTC_87a4c -rdynamic -lpthreads 
/usr/bin/ld: cannot find -lpthreads
collect2: error: ld returned 1 exit status
CMakeFiles/cmTC_87a4c.dir/build.make:97: recipe for target 'cmTC_87a4c' failed
make[1]: *** [cmTC_87a4c] Error 1
make[1]: Leaving directory '/home/aladdin/Desktop/Projects/SOME_IP_Example/Training_examples-e/Example_request_response/Server/build/CMakeFiles/CMakeTmp'
Makefile:126: recipe for target 'cmTC_87a4c/fast' failed
make: *** [cmTC_87a4c/fast] Error 2


