Determining if the pthread_create exist failed with the following output:
Change Dir: /home/aladdin/Desktop/Projects/SOME_IP_Example/Training_examples-e/Example_request_response/Client/build/CMakeFiles/CMakeTmp

Run Build Command:"/usr/bin/make" "cmTC_08b88/fast"
/usr/bin/make -f CMakeFiles/cmTC_08b88.dir/build.make CMakeFiles/cmTC_08b88.dir/build
make[1]: Entering directory '/home/aladdin/Desktop/Projects/SOME_IP_Example/Training_examples-e/Example_request_response/Client/build/CMakeFiles/CMakeTmp'
Building C object CMakeFiles/cmTC_08b88.dir/CheckSymbolExists.c.o
/usr/bin/cc     -o CMakeFiles/cmTC_08b88.dir/CheckSymbolExists.c.o   -c /home/aladdin/Desktop/Projects/SOME_IP_Example/Training_examples-e/Example_request_response/Client/build/CMakeFiles/CMakeTmp/CheckSymbolExists.c
Linking C executable cmTC_08b88
/usr/bin/cmake -E cmake_link_script CMakeFiles/cmTC_08b88.dir/link.txt --verbose=1
/usr/bin/cc       CMakeFiles/cmTC_08b88.dir/CheckSymbolExists.c.o  -o cmTC_08b88 -rdynamic 
CMakeFiles/cmTC_08b88.dir/CheckSymbolExists.c.o: In function `main':
CheckSymbolExists.c:(.text+0x16): undefined reference to `pthread_create'
collect2: error: ld returned 1 exit status
CMakeFiles/cmTC_08b88.dir/build.make:97: recipe for target 'cmTC_08b88' failed
make[1]: *** [cmTC_08b88] Error 1
make[1]: Leaving directory '/home/aladdin/Desktop/Projects/SOME_IP_Example/Training_examples-e/Example_request_response/Client/build/CMakeFiles/CMakeTmp'
Makefile:126: recipe for target 'cmTC_08b88/fast' failed
make: *** [cmTC_08b88/fast] Error 2

File /home/aladdin/Desktop/Projects/SOME_IP_Example/Training_examples-e/Example_request_response/Client/build/CMakeFiles/CMakeTmp/CheckSymbolExists.c:
/* */
#include <pthread.h>

int main(int argc, char** argv)
{
  (void)argv;
#ifndef pthread_create
  return ((int*)(&pthread_create))[argc];
#else
  (void)argc;
  return 0;
#endif
}

Determining if the function pthread_create exists in the pthreads failed with the following output:
Change Dir: /home/aladdin/Desktop/Projects/SOME_IP_Example/Training_examples-e/Example_request_response/Client/build/CMakeFiles/CMakeTmp

Run Build Command:"/usr/bin/make" "cmTC_3e0ae/fast"
/usr/bin/make -f CMakeFiles/cmTC_3e0ae.dir/build.make CMakeFiles/cmTC_3e0ae.dir/build
make[1]: Entering directory '/home/aladdin/Desktop/Projects/SOME_IP_Example/Training_examples-e/Example_request_response/Client/build/CMakeFiles/CMakeTmp'
Building C object CMakeFiles/cmTC_3e0ae.dir/CheckFunctionExists.c.o
/usr/bin/cc    -DCHECK_FUNCTION_EXISTS=pthread_create   -o CMakeFiles/cmTC_3e0ae.dir/CheckFunctionExists.c.o   -c /usr/share/cmake-3.5/Modules/CheckFunctionExists.c
Linking C executable cmTC_3e0ae
/usr/bin/cmake -E cmake_link_script CMakeFiles/cmTC_3e0ae.dir/link.txt --verbose=1
/usr/bin/cc   -DCHECK_FUNCTION_EXISTS=pthread_create    CMakeFiles/cmTC_3e0ae.dir/CheckFunctionExists.c.o  -o cmTC_3e0ae -rdynamic -lpthreads 
/usr/bin/ld: cannot find -lpthreads
collect2: error: ld returned 1 exit status
CMakeFiles/cmTC_3e0ae.dir/build.make:97: recipe for target 'cmTC_3e0ae' failed
make[1]: *** [cmTC_3e0ae] Error 1
make[1]: Leaving directory '/home/aladdin/Desktop/Projects/SOME_IP_Example/Training_examples-e/Example_request_response/Client/build/CMakeFiles/CMakeTmp'
Makefile:126: recipe for target 'cmTC_3e0ae/fast' failed
make: *** [cmTC_3e0ae/fast] Error 2


