Determining if the pthread_create exist failed with the following output:
Change Dir: /home/aladdin/Desktop/Projects/SOME_IP_Example/Training_examples-e/5-SUBNOTFY/build/CMakeFiles/CMakeTmp

Run Build Command:"/usr/bin/make" "cmTC_fa51c/fast"
/usr/bin/make -f CMakeFiles/cmTC_fa51c.dir/build.make CMakeFiles/cmTC_fa51c.dir/build
make[1]: Entering directory '/home/aladdin/Desktop/Projects/SOME_IP_Example/Training_examples-e/5-SUBNOTFY/build/CMakeFiles/CMakeTmp'
Building C object CMakeFiles/cmTC_fa51c.dir/CheckSymbolExists.c.o
/usr/bin/cc     -o CMakeFiles/cmTC_fa51c.dir/CheckSymbolExists.c.o   -c /home/aladdin/Desktop/Projects/SOME_IP_Example/Training_examples-e/5-SUBNOTFY/build/CMakeFiles/CMakeTmp/CheckSymbolExists.c
Linking C executable cmTC_fa51c
/usr/bin/cmake -E cmake_link_script CMakeFiles/cmTC_fa51c.dir/link.txt --verbose=1
/usr/bin/cc       CMakeFiles/cmTC_fa51c.dir/CheckSymbolExists.c.o  -o cmTC_fa51c -rdynamic 
CMakeFiles/cmTC_fa51c.dir/CheckSymbolExists.c.o: In function `main':
CheckSymbolExists.c:(.text+0x16): undefined reference to `pthread_create'
collect2: error: ld returned 1 exit status
CMakeFiles/cmTC_fa51c.dir/build.make:97: recipe for target 'cmTC_fa51c' failed
make[1]: *** [cmTC_fa51c] Error 1
make[1]: Leaving directory '/home/aladdin/Desktop/Projects/SOME_IP_Example/Training_examples-e/5-SUBNOTFY/build/CMakeFiles/CMakeTmp'
Makefile:126: recipe for target 'cmTC_fa51c/fast' failed
make: *** [cmTC_fa51c/fast] Error 2

File /home/aladdin/Desktop/Projects/SOME_IP_Example/Training_examples-e/5-SUBNOTFY/build/CMakeFiles/CMakeTmp/CheckSymbolExists.c:
/* */
#include <pthread.h>

int main(int argc, char** argv)
{
  (void)argv;
#ifndef pthread_create
  return ((int*)(&pthread_create))[argc];
#else
  (void)argc;
  return 0;
#endif
}

Determining if the function pthread_create exists in the pthreads failed with the following output:
Change Dir: /home/aladdin/Desktop/Projects/SOME_IP_Example/Training_examples-e/5-SUBNOTFY/build/CMakeFiles/CMakeTmp

Run Build Command:"/usr/bin/make" "cmTC_10c4b/fast"
/usr/bin/make -f CMakeFiles/cmTC_10c4b.dir/build.make CMakeFiles/cmTC_10c4b.dir/build
make[1]: Entering directory '/home/aladdin/Desktop/Projects/SOME_IP_Example/Training_examples-e/5-SUBNOTFY/build/CMakeFiles/CMakeTmp'
Building C object CMakeFiles/cmTC_10c4b.dir/CheckFunctionExists.c.o
/usr/bin/cc    -DCHECK_FUNCTION_EXISTS=pthread_create   -o CMakeFiles/cmTC_10c4b.dir/CheckFunctionExists.c.o   -c /usr/share/cmake-3.5/Modules/CheckFunctionExists.c
Linking C executable cmTC_10c4b
/usr/bin/cmake -E cmake_link_script CMakeFiles/cmTC_10c4b.dir/link.txt --verbose=1
/usr/bin/cc   -DCHECK_FUNCTION_EXISTS=pthread_create    CMakeFiles/cmTC_10c4b.dir/CheckFunctionExists.c.o  -o cmTC_10c4b -rdynamic -lpthreads 
/usr/bin/ld: cannot find -lpthreads
collect2: error: ld returned 1 exit status
CMakeFiles/cmTC_10c4b.dir/build.make:97: recipe for target 'cmTC_10c4b' failed
make[1]: *** [cmTC_10c4b] Error 1
make[1]: Leaving directory '/home/aladdin/Desktop/Projects/SOME_IP_Example/Training_examples-e/5-SUBNOTFY/build/CMakeFiles/CMakeTmp'
Makefile:126: recipe for target 'cmTC_10c4b/fast' failed
make: *** [cmTC_10c4b/fast] Error 2


